<@!119923364298096640>/
<@!219687155411320832>/
<@!221056466121916417>/
<@!411394505351233536>/
<@!412679210310828033>/
<@!427283991364894721>/
<@!429845578164207617>/
<@!442749377002340352>/
<@!450479444360953869>/
<@!476883917186793474>/
<@!476961676818907137>/
<@!488418734860402688>/
<@!493217862069125140>/
<@!496441228578258945>/
<@!532763733022474241>/
<@!559883062549282828>/
<@!592241340167749632>/
<@!603752564139491340>/
<@!627814097433526341>/
<@!634515297943945256>/
<@!659493621229420555>/
<@!690007798754574389>/
<@!702579380966129726>/
<@!707734295447470100>/
<@!707993057206992899>/
<@!707993073577099325>/
<@!707999191422599169>/
<@!708010601401679885>/
<@!708367523351101511>/
<@!708373419829362689>/
<@!708385270583787520>/
<@!708390478554333194>/
<@!709460896195280956>/
<@!709525867843551404>/
<@!709526723749871638>/
<@!709787285268332605>/
<@!709791028068221028>/
<@!709807774867128381>/
<@!709816323185574029>/
<@!710249516489506927>/
<@!710249746291228673>/
<@!710331816619409409>/
<@!710369079776509972>/
<@!710537799916585050>/
<@!710538611430391828>/
<@!710542177851277313>/
<@!710552329014870105>/
<@!710576584616312872>/
<@!710577781066694718>/
<@!710581094218465323>/
<@!710591834174259251>/
<@!710601166181892186>/
<@!710611763506446376>/
<@!710651277545308162>/
<@!710652751167881237>/
<@!710917063677313087>/
<@!710929675098128486>/
<@!710963334911885416>/
<@!710975324485189662>/
<@!712013442285961417>/
<@!712062474748166216>/
<@!712358493868261386>/
<@!712366979834708079>/
<@!712421004097486900>/
<@!712423117766656001>/
<@!712423553558904892>/
<@!712423679761580193>/
<@!712424572963782666>/
<@!712771593830531093>/
<@!712823451760722053>/
<@!713096896209485989>/
<@!713100046714798212>/
<@!713136982683025470>/
<@!713145139203276803>/
<@!713455306843226214>/
<@!713459407509389492>/
<@!715298740751302728>/
<@!715299303056211982>/
<@!715300147453755404>/
<@!715300506754613299>/
<@!715301261888716801>/
<@!715609247575965829>/
<@!715612312580522136>/
<@!715612954728333322>/
<@!715614398831525980>/
<@!717124371998703666>/
<@!717467867943272476>/
<@!717482168414109747>/
<@!717819832032165908>/
<@!717853987092561921>/
<@!717860750009565206>/
<@!717933183815123066>/
<@!718213309664329763>/
<@!718213309664329763>riguez/
<@!718225056034979907>/
<@!719301200838918224>/
<@!719608227255418970>/
<@!719608252265922561>/
<@!719621671157497927>/
<@!719626409089171550>
<@!710611763506446376>/
<@!719626409089171550>
<@!717819832032165908>
<@!719662722559508502>/
<@!719626409089171550>/
<@!719627329986363457>/
<@!719633907313803346>/
<@!719637504399245422>/
<@!719661869513834626>/
<@!719662722559508502>/
<@!719664724735950870>/
<@!719664861113483315>/
<@!719669285278187582>/
<@!719669763063677009>/
<@!719669882794410045>/
<@!719686164457586799>/
<@!719760247778050109>/
<@!719928295533314113>/
<@!719941646434828390>/
<@!719976309908045945>/
<@!719977934139424878>/
<@!719985312603832360>/
<@!720034947917938801>/
<@!720166820841127967>/
<@!720378872612519997>
/
<@!720378872612519997>/
<@!720386268495609867>/
<@!720387995412201475>/
<@!720695683866296372>/
<@!720710686778589186>/
<@!720721268101480449>/
<@!720721570707800094>/
<@!720737558518300723>/
<@!720740447554895923>/
<@!721122194788188271>/
<@!722152579982688347>/
<@!722153361520197632>/
<@!722155177955819622>/
<@!722155769415467051>/
<@!722156438083993661>/
<@!722167218661752884>/
<@!722168077332250794>/
<@!722169724850405408>/
<@!722178655844958239>/
<@!722213126782844982>/
<@!722213968160096327>/
<@!722228806676643881>/
<@!722230431046697022>/
<@!722483020128321625>/
<@!722529420903972897>/
<@!722566745939902474>/
<@!722567337538093059>/
<@!722887961909395477>/
<@!722890455125065748>/
<@!722896755221594184>/
<@!722908559075180654>/
<@!723252750758051850>/
<@!723253508404412449>/
<@!723675583091048448>/
<@!723677909906096208>/
<@!724707127309893722>/
<@!724707974689587220>/
<@!724708669949870191>/
<@!724709791787909232>/
<@!724712161858813997>/
<@!724717679776366703>/
<@!724734858437591107>/
<@!725080879298510870>/
<@!725081482556604489>/
<@!725112578086273034>/
<@!725445198544633887>/
<@!725790197991604254>/
<@!726215329788723311>/
<@!727240687300378714>/
<@!727241998087487598>/
<@!727242646455582730>/
<@!727243294748311662>/
<@!727243893455978546>/
<@!727250257850662993>/
<@!727251037316186172>/
<@!727268375985913919>/
<@!727270668718178486>/
<@!727583738531282975>/
<@!727587945648881666>/
<@!727624887107190794>/
<@!727933047399514173>/
<@!728288818305826927>/
<@!728349117360635977>/
<@!728376706947219527>/
<@!728707121025253407>/
<@!729777622028124242>/
<@!729778429976772649>/
<@!729778888560869456>/
<@!729779017481453578>/
<@!729780000852803616>/
<@!729793451666833489>/
<@!729806545814159442>/
<@!729807933982113822>/
<@!729845792466010125>/
<@!730143066198900758>/
<@!730466127209037845>/
<@!730470426731347998>/
<@!730502269899899028>/
<@!730516940740755497>/
<@!730548855333978142>/
<@!730864433097605132>/
<@!730935947146821652>/
<@!JasonJr>/
AamirH/
CarsonL/
ChaseS/
DaanishZ/
ElliottE/
EthanY/
JackM/
JacksonM/
JakobB/
JasonJr/
JaydenB/
JordanB/
JudithJr/
JustinL/
KaiD/
KendricS/
NicolasF/
NidhiN/
OwenC/
RyanL/
SaraJr/
SonnyJr/
TheodoreA/
VivaanN/
